<?xml version="1.0" encoding="UTF-8"?>
<testsuite xmlns:xsi="http://www.w3.org/2001/XMLSchema-instance" xsi:noNamespaceSchemaLocation="https://maven.apache.org/surefire/maven-surefire-plugin/xsd/surefire-test-report-3.0.xsd" version="3.0" name="com.code.learning.multi.MultiThreadApplicationTests" time="2.024" tests="1" errors="0" skipped="0" failures="0">
  <properties>
[...]
</properties>
  <testcase name="contextLoads" classname="com.code.learning.multi.MultiThreadApplicationTests" time="0.664">
    <system-out><![CDATA[23:16:19.785 [main] INFO org.springframework.test.context.support.AnnotationConfigContextLoaderUtils -- Could not detect default configuration classes for test class [com.code.learning.multi.MultiThreadApplicationTests]: MultiThreadApplicationTests does not declare any static, non-private, non-final, nested classes annotated with @Configuration.
23:16:19.860 [main] INFO org.springframework.boot.test.context.SpringBootTestContextBootstrapper -- Found @SpringBootConfiguration com.code.learning.multi.MultiThreadApplication for test class com.code.learning.multi.MultiThreadApplicationTests

  .   ____          _            __ _ _
 /\\ / ___'_ __ _ _(_)_ __  __ _ \ \ \ \
( ( )\___ | '_ | '_| | '_ \/ _` | \ \ \ \
 \\/  ___)| |_)| | | | | || (_| |  ) ) ) )
  '  |____| .__|_| |_|_| |_\__, | / / / /
 =========|_|==============|___/=/_/_/_/
 :: Spring Boot ::                (v3.2.3)

2024-02-25T23:16:20.159+05:30  INFO 31228 --- [           main] c.c.l.multi.MultiThreadApplicationTests  : Starting MultiThreadApplicationTests using Java 17.0.9 with PID 31228 (started by baghel in D:\git\Multithreading-Parallel-Asynchronous-Coding---Java)
2024-02-25T23:16:20.161+05:30  INFO 31228 --- [           main] c.c.l.multi.MultiThreadApplicationTests  : No active profile set, falling back to 1 default profile: "default"
2024-02-25T23:16:21.019+05:30  INFO 31228 --- [           main] c.c.l.multi.MultiThreadApplicationTests  : Started MultiThreadApplicationTests in 1.047 seconds (process running for 1.909)
]]></system-out>
  </testcase>
</testsuite>